\BOOKMARK [0][-]{dummy.1}{\376\377\000D\000e\000c\000l\000a\000r\000a\000t\000i\000o\000n\000\040\000o\000f\000\040\000A\000u\000t\000h\000o\000r\000s\000h\000i\000p}{}% 1
\BOOKMARK [0][-]{dummy.2}{\376\377\000A\000b\000s\000t\000r\000a\000c\000t}{}% 2
\BOOKMARK [0][-]{dummy.3}{\376\377\000A\000c\000k\000n\000o\000w\000l\000e\000d\000g\000e\000m\000e\000n\000t\000s}{}% 3
\BOOKMARK [0][-]{dummy.5}{\376\377\000L\000i\000s\000t\000\040\000o\000f\000\040\000F\000i\000g\000u\000r\000e\000s}{}% 4
\BOOKMARK [0][-]{dummy.7}{\376\377\000L\000i\000s\000t\000\040\000o\000f\000\040\000T\000a\000b\000l\000e\000s}{}% 5
\BOOKMARK [0][-]{chapter.9}{\376\377\0001\000\040\000I\000n\000t\000r\000o\000d\000u\000c\000t\000i\000o\000n}{}% 6
\BOOKMARK [1][-]{section.10}{\376\377\0001\000.\0001\000\040\000P\000r\000o\000j\000e\000c\000t\000\040\000B\000a\000c\000k\000g\000r\000o\000u\000n\000d\000s}{chapter.9}% 7
\BOOKMARK [1][-]{section.11}{\376\377\0001\000.\0002\000\040\000C\000o\000n\000s\000i\000d\000e\000r\000a\000t\000i\000o\000n\000s}{chapter.9}% 8
\BOOKMARK [1][-]{section.12}{\376\377\0001\000.\0003\000\040\000P\000r\000o\000j\000e\000c\000t\000\040\000O\000u\000t\000l\000i\000n\000e\000s}{chapter.9}% 9
\BOOKMARK [0][-]{chapter.13}{\376\377\0002\000\040\000Q\000R\000\040\000C\000o\000d\000e\000\040\000S\000t\000r\000u\000c\000t\000u\000r\000e\000\040\000a\000n\000d\000\040\000G\000e\000n\000e\000r\000a\000t\000i\000o\000n}{}% 10
\BOOKMARK [1][-]{section.14}{\376\377\0002\000.\0001\000\040\000G\000e\000n\000e\000r\000a\000l\000\040\000s\000t\000r\000u\000c\000t\000u\000r\000e}{chapter.13}% 11
\BOOKMARK [1][-]{section.16}{\376\377\0002\000.\0002\000\040\000F\000u\000n\000c\000t\000i\000o\000n\000\040\000P\000a\000t\000t\000e\000r\000n\000s}{chapter.13}% 12
\BOOKMARK [2][-]{subsection.17}{\376\377\0002\000.\0002\000.\0001\000\040\000F\000i\000n\000d\000e\000r\000\040\000P\000a\000t\000t\000e\000r\000n\000s}{section.16}% 13
\BOOKMARK [2][-]{subsection.18}{\376\377\0002\000.\0002\000.\0002\000\040\000A\000l\000i\000g\000n\000m\000e\000n\000t\000\040\000P\000a\000t\000t\000e\000r\000n\000s}{section.16}% 14
\BOOKMARK [2][-]{subsection.19}{\376\377\0002\000.\0002\000.\0003\000\040\000T\000i\000m\000i\000n\000g\000\040\000P\000a\000t\000t\000e\000r\000n\000s}{section.16}% 15
\BOOKMARK [1][-]{section.20}{\376\377\0002\000.\0003\000\040\000E\000n\000c\000o\000d\000i\000n\000g\000\040\000R\000e\000g\000i\000o\000n\000\040\000a\000n\000d\000\040\000G\000e\000n\000e\000r\000a\000t\000i\000n\000g\000\040\000Q\000R\000\040\000S\000y\000m\000b\000o\000l}{chapter.13}% 16
\BOOKMARK [2][-]{subsection.21}{\376\377\0002\000.\0003\000.\0001\000\040\000D\000a\000t\000a\000\040\000a\000n\000d\000\040\000I\000n\000f\000o\000r\000m\000a\000t\000i\000o\000n\000\040\000A\000n\000a\000l\000y\000s\000i\000s}{section.20}% 17
\BOOKMARK [3][-]{subsubsection.22}{\376\377\0002\000.\0003\000.\0001\000.\0001\000\040\000H\000o\000w\000\040\000t\000o\000\040\000C\000h\000o\000o\000s\000e\000\040\000t\000h\000e\000\040\000M\000o\000s\000t\000\040\000E\000f\000f\000i\000c\000i\000e\000n\000t\000\040\000M\000o\000d\000e}{subsection.21}% 18
\BOOKMARK [2][-]{subsection.23}{\376\377\0002\000.\0003\000.\0002\000\040\000D\000a\000t\000a\000\040\000E\000n\000c\000o\000d\000i\000n\000g}{section.20}% 19
\BOOKMARK [2][-]{subsection.33}{\376\377\0002\000.\0003\000.\0003\000\040\000E\000r\000r\000o\000r\000\040\000C\000o\000r\000r\000e\000c\000t\000i\000o\000n\000\040\000C\000o\000d\000i\000n\000g}{section.20}% 20
\BOOKMARK [2][-]{subsection.34}{\376\377\0002\000.\0003\000.\0004\000\040\000S\000t\000r\000u\000c\000t\000u\000r\000e\000\040\000F\000i\000n\000a\000l\000\040\000m\000e\000s\000s\000a\000g\000e}{section.20}% 21
\BOOKMARK [2][-]{subsection.35}{\376\377\0002\000.\0003\000.\0005\000\040\000M\000o\000d\000u\000l\000e\000\040\000P\000l\000a\000c\000e\000m\000e\000n\000t\000\040\000i\000n\000\040\000M\000a\000t\000r\000i\000x}{section.20}% 22
\BOOKMARK [3][-]{subsubsection.36}{\376\377\0002\000.\0003\000.\0005\000.\0001\000\040\000R\000e\000v\000i\000e\000w\000\040\000o\000f\000\040\000F\000u\000n\000c\000t\000i\000o\000n\000\040\000P\000a\000t\000t\000e\000r\000n\000s}{subsection.35}% 23
\BOOKMARK [3][-]{subsubsection.38}{\376\377\0002\000.\0003\000.\0005\000.\0002\000\040\000F\000i\000n\000d\000e\000r\000\040\000P\000a\000t\000t\000e\000r\000n\000s}{subsection.35}% 24
\BOOKMARK [3][-]{subsubsection.40}{\376\377\0002\000.\0003\000.\0005\000.\0003\000\040\000S\000e\000p\000a\000r\000a\000t\000o\000r\000s}{subsection.35}% 25
\BOOKMARK [3][-]{subsubsection.42}{\376\377\0002\000.\0003\000.\0005\000.\0004\000\040\000A\000l\000i\000g\000n\000m\000e\000n\000t\000\040\000P\000a\000t\000t\000e\000r\000n}{subsection.35}% 26
\BOOKMARK [3][-]{subsubsection.44}{\376\377\0002\000.\0003\000.\0005\000.\0005\000\040\000T\000i\000m\000i\000n\000g\000\040\000P\000a\000t\000t\000e\000r\000n\000s}{subsection.35}% 27
\BOOKMARK [3][-]{subsubsection.46}{\376\377\0002\000.\0003\000.\0005\000.\0006\000\040\000D\000a\000r\000k\000\040\000M\000o\000d\000u\000l\000e\000\040\000a\000n\000d\000\040\000R\000e\000s\000e\000r\000v\000e\000d\000\040\000A\000r\000e\000a\000s}{subsection.35}% 28
\BOOKMARK [3][-]{subsubsection.48}{\376\377\0002\000.\0003\000.\0005\000.\0007\000\040\000P\000l\000a\000c\000i\000n\000g\000\040\000t\000h\000e\000\040\000D\000a\000t\000a\000\040\000B\000i\000t\000s}{subsection.35}% 29
\BOOKMARK [2][-]{subsection.53}{\376\377\0002\000.\0003\000.\0006\000\040\000D\000a\000t\000a\000\040\000M\000a\000s\000k\000i\000n\000g}{section.20}% 30
\BOOKMARK [2][-]{subsection.54}{\376\377\0002\000.\0003\000.\0007\000\040\000F\000o\000r\000m\000a\000t\000\040\000a\000n\000d\000\040\000V\000e\000r\000s\000i\000o\000n\000\040\000I\000n\000f\000o\000r\000m\000a\000t\000i\000o\000n}{section.20}% 31
\BOOKMARK [3][-]{subsubsection.55}{\376\377\0002\000.\0003\000.\0007\000.\0001\000\040\000G\000e\000n\000e\000r\000a\000t\000e\000\040\000t\000h\000e\000\040\000F\000o\000r\000m\000a\000t\000\040\000S\000t\000r\000i\000n\000g}{subsection.54}% 32
\BOOKMARK [0][-]{chapter.59}{\376\377\0003\000\040\000I\000m\000a\000g\000e\000\040\000P\000r\000o\000c\000e\000s\000s\000i\000n\000g\000\040\000a\000n\000d\000\040\000P\000a\000t\000t\000e\000r\000n\000\040\000R\000e\000c\000o\000g\000n\000i\000t\000i\000o\000n}{}% 33
\BOOKMARK [1][-]{section.60}{\376\377\0003\000.\0001\000\040\000P\000r\000e\000p\000r\000o\000c\000e\000s\000s\000i\000n\000g}{chapter.59}% 34
\BOOKMARK [2][-]{subsection.61}{\376\377\0003\000.\0001\000.\0001\000\040\000I\000m\000a\000g\000e\000\040\000T\000r\000a\000n\000s\000f\000o\000r\000m\000a\000t\000i\000o\000n}{section.60}% 35
\BOOKMARK [2][-]{subsection.73}{\376\377\0003\000.\0001\000.\0002\000\040\000M\000e\000d\000i\000a\000n\000\040\000F\000i\000l\000t\000e\000r\000i\000n\000g}{section.60}% 36
\BOOKMARK [1][-]{section.74}{\376\377\0003\000.\0002\000\040\000F\000i\000n\000d\000i\000n\000g\000\040\000a\000n\000d\000\040\000L\000o\000c\000a\000t\000i\000n\000g\000\040\000t\000h\000e\000\040\000F\000i\000n\000d\000e\000r\000\040\000P\000a\000t\000t\000e\000r\000n\000s}{chapter.59}% 37
\BOOKMARK [1][-]{section.143}{\376\377\0003\000.\0003\000\040\000F\000i\000n\000d\000i\000n\000g\000\040\000t\000h\000e\000\040\000A\000l\000i\000g\000n\000m\000e\000n\000t\000\040\000p\000a\000t\000t\000e\000r\000n\000\040\000P\000a\000t\000t\000e\000r\000n\000s}{chapter.59}% 38
\BOOKMARK [1][-]{section.173}{\376\377\0003\000.\0004\000\040\000G\000e\000o\000m\000e\000t\000r\000i\000c\000\040\000M\000o\000d\000i\000f\000i\000c\000a\000t\000i\000o\000n}{chapter.59}% 39
\BOOKMARK [2][-]{subsection.229}{\376\377\0003\000.\0004\000.\0001\000\040\000P\000e\000r\000s\000p\000e\000c\000t\000i\000v\000e\000\040\000t\000r\000a\000n\000s\000f\000o\000r\000m\000a\000t\000i\000o\000n}{section.173}% 40
\BOOKMARK [2][-]{subsection.256}{\376\377\0003\000.\0004\000.\0002\000\040\000C\000r\000o\000p\000\040\000a\000n\000d\000\040\000Q\000R\000\040\000P\000a\000t\000t\000e\000r\000n\000\040\000D\000e\000m\000o\000n\000s\000t\000r\000a\000t\000i\000o\000n}{section.173}% 41
\BOOKMARK [0][-]{chapter.266}{\376\377\0004\000\040\000D\000e\000c\000o\000d\000i\000n\000g\000\040\000a\000n\000d\000\040\000M\000e\000s\000s\000a\000g\000e\000\040\000E\000x\000t\000r\000a\000c\000t\000i\000o\000n}{}% 42
\BOOKMARK [1][-]{section.267}{\376\377\0004\000.\0001\000\040\000D\000e\000c\000o\000d\000i\000n\000g\000\040\000D\000a\000t\000a\000\040\000a\000n\000d\000\040\000F\000i\000n\000a\000l\000\040\000M\000e\000s\000s\000a\000g\000e}{chapter.266}% 43
\BOOKMARK [2][-]{subsection.279}{\376\377\0004\000.\0001\000.\0001\000\040\000V\000e\000r\000s\000i\000o\000n\000\040\000a\000n\000d\000\040\000Q\000R\000\040\000c\000o\000d\000e\000\040\000M\000a\000t\000r\000i\000x}{section.267}% 44
\BOOKMARK [2][-]{subsection.280}{\376\377\0004\000.\0001\000.\0002\000\040\000F\000o\000r\000m\000a\000t\000\040\000I\000n\000f\000o\000r\000m\000a\000t\000i\000o\000n\000\040\000D\000e\000c\000o\000d\000i\000n\000g}{section.267}% 45
\BOOKMARK [2][-]{subsection.281}{\376\377\0004\000.\0001\000.\0003\000\040\000D\000e\000m\000a\000s\000k\000i\000n\000g}{section.267}% 46
\BOOKMARK [2][-]{subsection.282}{\376\377\0004\000.\0001\000.\0004\000\040\000R\000e\000e\000d\000-\000S\000o\000l\000o\000m\000o\000n\000\040\000D\000e\000c\000o\000d\000i\000n\000g}{section.267}% 47
\BOOKMARK [2][-]{subsection.298}{\376\377\0004\000.\0001\000.\0005\000\040\000M\000e\000s\000s\000a\000g\000e\000\040\000E\000x\000t\000r\000a\000c\000t\000i\000o\000n}{section.267}% 48
\BOOKMARK [0][-]{chapter.304}{\376\377\0005\000\040\000C\000o\000n\000c\000l\000u\000s\000i\000o\000n\000\040\000a\000n\000d\000\040\000D\000i\000s\000c\000u\000s\000s\000i\000o\000n}{}% 49
\BOOKMARK [1][-]{section.305}{\376\377\0005\000.\0001\000\040\000S\000p\000e\000e\000d}{chapter.304}% 50
\BOOKMARK [1][-]{section.307}{\376\377\0005\000.\0002\000\040\000R\000e\000l\000i\000a\000b\000i\000l\000i\000t\000y}{chapter.304}% 51
\BOOKMARK [2][-]{subsection.308}{\376\377\0005\000.\0002\000.\0001\000\040\000E\000r\000r\000o\000r\000\040\000C\000o\000r\000r\000e\000c\000t\000i\000o\000n\000\040\000R\000e\000l\000i\000a\000b\000i\000l\000i\000t\000y}{section.307}% 52
\BOOKMARK [2][-]{subsection.309}{\376\377\0005\000.\0002\000.\0002\000\040\000Q\000R\000\040\000C\000o\000d\000e\000\040\000P\000a\000t\000t\000e\000r\000n\000\040\000R\000e\000c\000o\000g\000n\000i\000t\000i\000o\000n\000\040\000A\000b\000i\000l\000i\000t\000y}{section.307}% 53
\BOOKMARK [3][-]{subsubsection.310}{\376\377\0005\000.\0002\000.\0002\000.\0001\000\040\000T\000h\000r\000e\000e\000\040\000F\000i\000n\000d\000e\000r\000\040\000P\000a\000t\000t\000e\000r\000n\000\040\000a\000n\000d\000\040\000o\000n\000e\000\040\000A\000l\000i\000g\000n\000m\000e\000n\000t\000\040\000P\000a\000t\000t\000e\000r\000n}{subsection.309}% 54
\BOOKMARK [3][-]{subsubsection.311}{\376\377\0005\000.\0002\000.\0002\000.\0002\000\040\000T\000h\000r\000e\000e\000\040\000F\000i\000n\000d\000e\000r\000\040\000P\000a\000t\000t\000e\000r\000n\000\040\000a\000n\000d\000\040\000n\000o\000\040\000A\000l\000i\000g\000n\000m\000e\000n\000t\000\040\000P\000a\000t\000t\000e\000r\000n}{subsection.309}% 55
\BOOKMARK [3][-]{subsubsection.313}{\376\377\0005\000.\0002\000.\0002\000.\0003\000\040\000L\000e\000s\000s\000\040\000T\000h\000a\000n\000\040\000T\000h\000r\000e\000e\000\040\000F\000i\000n\000d\000e\000r\000\040\000P\000a\000t\000t\000e\000r\000n}{subsection.309}% 56
\BOOKMARK [3][-]{subsubsection.314}{\376\377\0005\000.\0002\000.\0002\000.\0004\000\040\000A\000d\000v\000a\000n\000t\000a\000g\000e\000\040\000o\000f\000\040\000A\000l\000g\000o\000r\000i\000t\000h\000m\000\040\000f\000o\000r\000\040\000F\000i\000n\000d\000i\000n\000g\000\040\000t\000h\000e\000\040\000F\000o\000u\000r\000t\000h\000\040\000C\000o\000r\000n\000e\000r}{subsection.309}% 57
\BOOKMARK [1][-]{section.315}{\376\377\0005\000.\0003\000\040\000L\000i\000m\000i\000t\000a\000t\000i\000o\000n\000\040\000o\000f\000\040\000D\000e\000c\000o\000d\000i\000n\000g}{chapter.304}% 58
\BOOKMARK [1][-]{section.316}{\376\377\0005\000.\0004\000\040\000F\000u\000t\000u\000r\000e\000\040\000w\000o\000r\000k}{chapter.304}% 59
\BOOKMARK [0][-]{dummy.317}{\376\377\000B\000i\000b\000l\000i\000o\000g\000r\000a\000p\000h\000y}{}% 60
